[INFO] Scanning for projects...
[INFO] 
[INFO] ------------------------< com.can:ai-assistant >------------------------
[INFO] Building ai-assistant 0.0.1-SNAPSHOT
[INFO]   from pom.xml
[INFO] --------------------------------[ jar ]---------------------------------
[INFO] 
[INFO] >>> spring-boot:3.2.3:run (default-cli) > test-compile @ ai-assistant >>>
[INFO] 
[INFO] --- resources:3.3.1:resources (default-resources) @ ai-assistant ---
[INFO] Copying 1 resource from src/main/resources to target/classes
[INFO] Copying 4 resources from src/main/resources to target/classes
[INFO] 
[INFO] --- compiler:3.11.0:compile (default-compile) @ ai-assistant ---
[INFO] Changes detected - recompiling the module! :source
[INFO] Compiling 21 source files with javac [debug release 17] to target/classes
[INFO] /Users/can/Documents/ai/ai-intervire/src/main/java/com/can/aiassistant/service/AiService.java: /Users/can/Documents/ai/ai-intervire/src/main/java/com/can/aiassistant/service/AiService.javaä½¿ç”¨äº†æœªç»æ£€æŸ¥æˆ–ä¸å®‰å…¨çš„æ“ä½œã€‚
[INFO] /Users/can/Documents/ai/ai-intervire/src/main/java/com/can/aiassistant/service/AiService.java: æœ‰å…³è¯¦ç»†ä¿¡æ¯, è¯·ä½¿ç”¨ -Xlint:unchecked é‡æ–°ç¼–è¯‘ã€‚
[INFO] 
[INFO] --- resources:3.3.1:testResources (default-testResources) @ ai-assistant ---
[INFO] skip non existing resourceDirectory /Users/can/Documents/ai/ai-intervire/src/test/resources
[INFO] 
[INFO] --- compiler:3.11.0:testCompile (default-testCompile) @ ai-assistant ---
[INFO] No sources to compile
[INFO] 
[INFO] <<< spring-boot:3.2.3:run (default-cli) < test-compile @ ai-assistant <<<
[INFO] 
[INFO] 
[INFO] --- spring-boot:3.2.3:run (default-cli) @ ai-assistant ---
[INFO] Attaching agents: []

  .   ____          _            __ _ _
 /\\ / ___'_ __ _ _(_)_ __  __ _ \ \ \ \
( ( )\___ | '_ | '_| | '_ \/ _` | \ \ \ \
 \\/  ___)| |_)| | | | | || (_| |  ) ) ) )
  '  |____| .__|_| |_|_| |_\__, | / / / /
 =========|_|==============|___/=/_/_/_/
[32m :: Spring Boot :: [39m              [2m (v3.2.3)[0;39m

16:29:40.186 [main] INFO  c.c.a.AiAssistantApplication - Starting AiAssistantApplication using Java 23.0.2 with PID 9035 (/Users/can/Documents/ai/ai-intervire/target/classes started by can in /Users/can/Documents/ai/ai-intervire)
16:29:40.187 [main] INFO  c.c.a.AiAssistantApplication - No active profile set, falling back to 1 default profile: "default"
16:29:40.528 [main] INFO  o.s.b.w.e.tomcat.TomcatWebServer - Tomcat initialized with port 8081 (http)
16:29:40.534 [main] INFO  o.a.catalina.core.StandardService - Starting service [Tomcat]
16:29:40.534 [main] INFO  o.a.catalina.core.StandardEngine - Starting Servlet engine: [Apache Tomcat/10.1.19]
16:29:40.555 [main] INFO  o.a.c.c.C.[Tomcat].[localhost].[/] - Initializing Spring embedded WebApplicationContext
16:29:40.555 [main] INFO  o.s.b.w.s.c.ServletWebServerApplicationContext - Root WebApplicationContext: initialization completed in 350 ms
16:29:40.696 [main] INFO  o.s.b.a.w.s.WelcomePageHandlerMapping - Adding welcome page template: index
16:29:40.781 [main] INFO  o.s.b.w.e.tomcat.TomcatWebServer - Tomcat started on port 8081 (http) with context path ''
16:29:40.784 [main] INFO  c.c.a.AiAssistantApplication - Started AiAssistantApplication in 0.752 seconds (process running for 0.88)
16:29:40.785 [main] INFO  c.c.a.AiAssistantApplication - ===========================================
16:29:40.785 [main] INFO  c.c.a.AiAssistantApplication - AIæ™ºèƒ½åŠ©æ‰‹å¯åŠ¨æˆåŠŸï¼
16:29:40.785 [main] INFO  c.c.a.AiAssistantApplication - è®¿é—®åœ°å€: http://localhost:8081
16:29:40.785 [main] INFO  c.c.a.AiAssistantApplication - å¥åº·æ£€æŸ¥: http://localhost:8081/api/ai/health
16:29:40.785 [main] INFO  c.c.a.AiAssistantApplication - ===========================================
