[INFO] Scanning for projects...
[INFO] 
[INFO] ------------------------< com.can:ai-assistant >------------------------
[INFO] Building ai-assistant 0.0.1-SNAPSHOT
[INFO]   from pom.xml
[INFO] --------------------------------[ jar ]---------------------------------
[INFO] 
[INFO] >>> spring-boot:3.2.3:run (default-cli) > test-compile @ ai-assistant >>>
[INFO] 
[INFO] --- resources:3.3.1:resources (default-resources) @ ai-assistant ---
[INFO] Copying 1 resource from src/main/resources to target/classes
[INFO] Copying 5 resources from src/main/resources to target/classes
[INFO] 
[INFO] --- compiler:3.11.0:compile (default-compile) @ ai-assistant ---
[INFO] Nothing to compile - all classes are up to date
[INFO] 
[INFO] --- resources:3.3.1:testResources (default-testResources) @ ai-assistant ---
[INFO] skip non existing resourceDirectory /Users/can/Documents/ai_dog/happy-dog/src/test/resources
[INFO] 
[INFO] --- compiler:3.11.0:testCompile (default-testCompile) @ ai-assistant ---
[INFO] No sources to compile
[INFO] 
[INFO] <<< spring-boot:3.2.3:run (default-cli) < test-compile @ ai-assistant <<<
[INFO] 
[INFO] 
[INFO] --- spring-boot:3.2.3:run (default-cli) @ ai-assistant ---
[INFO] Attaching agents: []

  .   ____          _            __ _ _
 /\\ / ___'_ __ _ _(_)_ __  __ _ \ \ \ \
( ( )\___ | '_ | '_| | '_ \/ _` | \ \ \ \
 \\/  ___)| |_)| | | | | || (_| |  ) ) ) )
  '  |____| .__|_| |_|_| |_\__, | / / / /
 =========|_|==============|___/=/_/_/_/
[32m :: Spring Boot :: [39m              [2m (v3.2.3)[0;39m

00:03:45.263 [main] INFO  c.can.happydog.HappyDogApplication - Starting HappyDogApplication using Java 23.0.2 with PID 28437 (/Users/can/Documents/ai_dog/happy-dog/target/classes started by can in /Users/can/Documents/ai_dog/happy-dog)
00:03:45.263 [main] INFO  c.can.happydog.HappyDogApplication - No active profile set, falling back to 1 default profile: "default"
00:03:45.608 [main] INFO  o.s.b.w.e.tomcat.TomcatWebServer - Tomcat initialized with port 8081 (http)
00:03:45.613 [main] INFO  o.a.catalina.core.StandardService - Starting service [Tomcat]
00:03:45.613 [main] INFO  o.a.catalina.core.StandardEngine - Starting Servlet engine: [Apache Tomcat/10.1.19]
00:03:45.632 [main] INFO  o.a.c.c.C.[Tomcat].[localhost].[/] - Initializing Spring embedded WebApplicationContext
00:03:45.633 [main] INFO  o.s.b.w.s.c.ServletWebServerApplicationContext - Root WebApplicationContext: initialization completed in 350 ms
00:03:45.753 [main] INFO  c.c.h.service.UserActionTracker - ðŸ“Š å¼€å§‹åŠ è½½ä»Šæ—¥è¡Œä¸ºç»Ÿè®¡: user-actions/actions-2025-09-26.jsonl
00:03:45.778 [main] INFO  c.c.h.service.UserActionTracker - âœ… æˆåŠŸåŠ è½½ä»Šæ—¥ç»Ÿè®¡ - æ€»è¡Œä¸º: 4, é¡µé¢è®¿é—®: 2, èŠå¤©æ¶ˆæ¯: 2, ç‹¬ç«‹ä¼šè¯: 3, ç‹¬ç«‹IP: 1
00:03:45.783 [main] INFO  c.c.happydog.graph.AgentChatWorkflow - ðŸ”§ åˆå§‹åŒ–Agent Chat StateGraphå·¥ä½œæµ
00:03:45.784 [main] INFO  com.can.happydog.graph.StateGraph - çŠ¶æ€å›¾ç¼–è¯‘å®Œæˆï¼ŒåŒ…å« 9 ä¸ªèŠ‚ç‚¹
00:03:45.784 [main] INFO  c.c.happydog.graph.AgentChatWorkflow - âœ… Agent Chat StateGraphå·¥ä½œæµåˆå§‹åŒ–å®Œæˆ
00:03:45.802 [main] INFO  o.s.b.a.w.s.WelcomePageHandlerMapping - Adding welcome page template: index
00:03:45.885 [main] WARN  o.s.b.w.s.c.AnnotationConfigServletWebServerApplicationContext - Exception encountered during context initialization - cancelling refresh attempt: org.springframework.context.ApplicationContextException: Failed to start bean 'webServerStartStop'
00:03:45.891 [main] INFO  o.s.b.a.l.ConditionEvaluationReportLogger - 

Error starting ApplicationContext. To display the condition evaluation report re-run your application with 'debug' enabled.
00:03:45.896 [main] ERROR o.s.b.d.LoggingFailureAnalysisReporter - 

***************************
APPLICATION FAILED TO START
***************************

Description:

Web server failed to start. Port 8081 was already in use.

Action:

Identify and stop the process that's listening on port 8081 or configure this application to listen on another port.

[INFO] ------------------------------------------------------------------------
[INFO] BUILD FAILURE
[INFO] ------------------------------------------------------------------------
[INFO] Total time:  1.514 s
[INFO] Finished at: 2025-09-26T00:03:45+08:00
[INFO] ------------------------------------------------------------------------
[ERROR] Failed to execute goal org.springframework.boot:spring-boot-maven-plugin:3.2.3:run (default-cli) on project ai-assistant: Process terminated with exit code: 1 -> [Help 1]
[ERROR] 
[ERROR] To see the full stack trace of the errors, re-run Maven with the -e switch.
[ERROR] Re-run Maven using the -X switch to enable full debug logging.
[ERROR] 
[ERROR] For more information about the errors and possible solutions, please read the following articles:
[ERROR] [Help 1] http://cwiki.apache.org/confluence/display/MAVEN/MojoExecutionException
